2023-09-26 11:54:24.225 [info] Log level: Info
2023-09-26 11:54:24.225 [info] Validating found git in: "git"
2023-09-26 11:54:24.225 [info] Using git "2.34.1" from "git"
2023-09-26 11:54:24.225 [info] > git rev-parse --show-toplevel [1070ms]
2023-09-26 11:54:24.225 [info] > git rev-parse --git-dir --git-common-dir [38ms]
2023-09-26 11:54:24.225 [info] Open repository: /home/user/webpages_tech/cookie_stand
2023-09-26 11:54:24.270 [info] > git config --get commit.template [114ms]
2023-09-26 11:54:24.291 [info] > git rev-parse --show-toplevel [88ms]
2023-09-26 11:54:24.499 [info] > git for-each-ref --format=%(refname)%00%(upstream:short)%00%(objectname)%00%(upstream:track)%00%(upstream:remotename)%00%(upstream:remoteref) refs/heads/main refs/remotes/main [149ms]
2023-09-26 11:54:24.585 [info] > git rev-parse --show-toplevel [91ms]
2023-09-26 11:54:24.871 [info] > git status -z -uall [287ms]
2023-09-26 11:54:25.094 [info] > git config --get commit.template [39ms]
2023-09-26 11:54:25.621 [info] > git for-each-ref --format=%(refname)%00%(upstream:short)%00%(objectname)%00%(upstream:track)%00%(upstream:remotename)%00%(upstream:remoteref) refs/heads/main refs/remotes/main [354ms]
2023-09-26 11:54:25.962 [info] > git status -z -uall [296ms]
2023-09-26 11:54:25.962 [info] > git check-ignore -v -z --stdin [98ms]
2023-09-26 11:54:28.542 [info] > git show --textconv :app.js [100ms]
2023-09-26 11:54:28.561 [info] > git ls-files --stage -- /home/user/webpages_tech/cookie_stand/app.js [35ms]
2023-09-26 11:54:28.595 [info] > git cat-file -s 699d3b65da13116151fa1890fa6d84864c045ef1 [21ms]
2023-09-26 11:54:31.166 [info] > git config --get commit.template [28ms]
2023-09-26 11:54:31.167 [info] > git for-each-ref --format=%(refname)%00%(upstream:short)%00%(objectname)%00%(upstream:track)%00%(upstream:remotename)%00%(upstream:remoteref) refs/heads/main refs/remotes/main [2ms]
2023-09-26 11:54:31.187 [info] > git status -z -uall [9ms]
2023-09-26 11:54:36.216 [info] > git config --get commit.template [11ms]
2023-09-26 11:54:36.218 [info] > git for-each-ref --format=%(refname)%00%(upstream:short)%00%(objectname)%00%(upstream:track)%00%(upstream:remotename)%00%(upstream:remoteref) refs/heads/main refs/remotes/main [2ms]
2023-09-26 11:54:36.246 [info] > git status -z -uall [20ms]
2023-09-26 11:54:42.456 [info] > git config --get commit.template [10ms]
2023-09-26 11:54:42.460 [info] > git for-each-ref --format=%(refname)%00%(upstream:short)%00%(objectname)%00%(upstream:track)%00%(upstream:remotename)%00%(upstream:remoteref) refs/heads/main refs/remotes/main [4ms]
2023-09-26 11:54:42.482 [info] > git status -z -uall [11ms]
2023-09-26 11:56:15.866 [info] > git config --get commit.template [17ms]
2023-09-26 11:56:15.876 [info] > git for-each-ref --format=%(refname)%00%(upstream:short)%00%(objectname)%00%(upstream:track)%00%(upstream:remotename)%00%(upstream:remoteref) refs/heads/main refs/remotes/main [11ms]
2023-09-26 11:56:15.892 [info] > git status -z -uall [11ms]
2023-09-26 11:57:08.689 [info] > git config --get commit.template [10ms]
2023-09-26 11:57:08.691 [info] > git for-each-ref --format=%(refname)%00%(upstream:short)%00%(objectname)%00%(upstream:track)%00%(upstream:remotename)%00%(upstream:remoteref) refs/heads/main refs/remotes/main [3ms]
2023-09-26 11:57:08.708 [info] > git status -z -uall [10ms]
2023-09-26 11:59:50.869 [info] > git config --get commit.template [12ms]
2023-09-26 11:59:50.872 [info] > git for-each-ref --format=%(refname)%00%(upstream:short)%00%(objectname)%00%(upstream:track)%00%(upstream:remotename)%00%(upstream:remoteref) refs/heads/main refs/remotes/main [5ms]
2023-09-26 11:59:50.895 [info] > git status -z -uall [14ms]
2023-09-26 12:04:30.963 [info] > git config --get commit.template [13ms]
2023-09-26 12:04:30.969 [info] > git for-each-ref --format=%(refname)%00%(upstream:short)%00%(objectname)%00%(upstream:track)%00%(upstream:remotename)%00%(upstream:remoteref) refs/heads/main refs/remotes/main [7ms]
2023-09-26 12:04:30.991 [info] > git status -z -uall [13ms]
2023-09-26 12:04:50.982 [info] > git config --get commit.template [12ms]
2023-09-26 12:04:50.986 [info] > git for-each-ref --format=%(refname)%00%(upstream:short)%00%(objectname)%00%(upstream:track)%00%(upstream:remotename)%00%(upstream:remoteref) refs/heads/main refs/remotes/main [5ms]
2023-09-26 12:04:51.020 [info] > git status -z -uall [16ms]
2023-09-26 12:07:25.793 [info] > git config --get commit.template [11ms]
2023-09-26 12:07:25.796 [info] > git for-each-ref --format=%(refname)%00%(upstream:short)%00%(objectname)%00%(upstream:track)%00%(upstream:remotename)%00%(upstream:remoteref) refs/heads/new-cookie-stand-branch refs/remotes/new-cookie-stand-branch [4ms]
2023-09-26 12:07:25.814 [info] > git status -z -uall [9ms]
2023-09-26 12:07:25.885 [info] > git ls-files --stage -- /home/user/webpages_tech/cookie_stand/app.js [4ms]
2023-09-26 12:07:25.898 [info] > git cat-file -s 699d3b65da13116151fa1890fa6d84864c045ef1 [3ms]
2023-09-26 12:07:25.911 [info] > git show --textconv :app.js [3ms]
2023-09-26 12:07:39.573 [info] > git config --get commit.template [8ms]
2023-09-26 12:07:39.577 [info] > git for-each-ref --format=%(refname)%00%(upstream:short)%00%(objectname)%00%(upstream:track)%00%(upstream:remotename)%00%(upstream:remoteref) refs/heads/new-cookie-stand-branch refs/remotes/new-cookie-stand-branch [5ms]
2023-09-26 12:07:39.594 [info] > git status -z -uall [9ms]
