2023-09-25 13:28:02.434 [info] Reading sessions from keychain...
2023-09-25 13:28:02.434 [info] Getting sessions for all scopes...
2023-09-25 13:28:02.434 [info] Getting sessions for all scopes...
2023-09-25 13:28:02.434 [info] Got 0 sessions for ...
2023-09-25 13:28:02.434 [info] Got 0 sessions for ...
2023-09-25 13:28:02.434 [info] Getting sessions for user:email...
2023-09-25 13:28:02.434 [info] Got 0 sessions for user:email...
2023-09-25 13:28:03.740 [info] Getting sessions for all scopes...
2023-09-25 13:28:03.740 [info] Got 0 sessions for ...
2023-09-25 13:31:05.873 [info] Reading sessions from keychain...
2023-09-25 13:31:05.874 [info] Getting sessions for all scopes...
2023-09-25 13:31:05.874 [info] Getting sessions for user:email...
2023-09-25 13:31:05.874 [info] Got 0 sessions for ...
2023-09-25 13:31:05.875 [info] Got 0 sessions for user:email...
2023-09-25 13:31:05.875 [info] Getting sessions for all scopes...
2023-09-25 13:31:05.875 [info] Got 0 sessions for ...
2023-09-25 13:31:07.416 [info] Getting sessions for all scopes...
2023-09-25 13:31:07.416 [info] Got 0 sessions for ...
2023-09-25 13:31:08.706 [info] Getting sessions for read:user,repo,user:email,workflow...
2023-09-25 13:31:08.706 [info] Got 0 sessions for read:user,repo,user:email,workflow...
