2023-09-25 13:27:55.661 [info] Added views:workbench.panel.markers.view in workbench.panel.markers
2023-09-25 13:27:55.662 [info] Added views:workbench.panel.output in workbench.panel.output
2023-09-25 13:27:55.662 [info] Added views:terminal in terminal
2023-09-25 13:27:55.662 [info] Added views:outline in workbench.view.explorer
2023-09-25 13:27:55.662 [info] Added views:workbench.scm in workbench.view.scm
2023-09-25 13:27:55.662 [info] Added views:workbench.view.search in workbench.view.search
2023-09-25 13:27:55.662 [info] Added views:timeline in workbench.view.explorer
2023-09-25 13:27:55.662 [info] Added views:workbench.explorer.emptyView in workbench.view.explorer
2023-09-25 13:27:56.527 [info] Added views:workbench.debug.variablesView,workbench.debug.watchExpressionsView,workbench.debug.callStackView,workbench.debug.breakPointsView in workbench.view.debug
2023-09-25 13:27:57.819 [info] Added views:vscode-edge-devtools-view.targets,vscode-edge-devtools-view.help-links in workbench.view.extension.vscode-edge-devtools-view
2023-09-25 13:27:58.312 [info] Added views:workbench.panel.repl.view in workbench.panel.repl
2023-09-25 13:27:58.313 [info] Removed views:workbench.debug.breakPointsView,workbench.debug.callStackView,workbench.debug.watchExpressionsView,workbench.debug.variablesView from workbench.view.debug
2023-09-25 13:27:58.321 [info] Added views:workbench.debug.welcome in workbench.view.debug
2023-09-25 13:27:58.613 [info] Added views:~remote.forwardedPorts in ~remote.forwardedPortsContainer
2023-09-25 13:31:02.784 [info] Added views:workbench.panel.markers.view in workbench.panel.markers
2023-09-25 13:31:02.784 [info] Added views:workbench.panel.output in workbench.panel.output
2023-09-25 13:31:02.784 [info] Added views:terminal in terminal
2023-09-25 13:31:02.784 [info] Added views:outline in workbench.view.explorer
2023-09-25 13:31:02.784 [info] Added views:workbench.scm in workbench.view.scm
2023-09-25 13:31:02.784 [info] Added views:workbench.view.search in workbench.view.search
2023-09-25 13:31:02.784 [info] Added views:timeline in workbench.view.explorer
2023-09-25 13:31:02.784 [info] Added views:workbench.explorer.fileView in workbench.view.explorer
2023-09-25 13:31:03.386 [info] Added views:vscode-edge-devtools-view.targets,vscode-edge-devtools-view.help-links in workbench.view.extension.vscode-edge-devtools-view
2023-09-25 13:31:03.796 [info] Added views:workbench.debug.variablesView,workbench.debug.watchExpressionsView,workbench.debug.callStackView,workbench.debug.breakPointsView in workbench.view.debug
2023-09-25 13:31:04.233 [info] Added views:workbench.panel.repl.view in workbench.panel.repl
2023-09-25 13:31:04.233 [info] Removed views:workbench.debug.breakPointsView,workbench.debug.callStackView,workbench.debug.watchExpressionsView,workbench.debug.variablesView from workbench.view.debug
2023-09-25 13:31:04.234 [info] Added views:workbench.debug.welcome in workbench.view.debug
2023-09-25 13:31:04.857 [info] Added views:~remote.forwardedPorts in ~remote.forwardedPortsContainer
2023-09-25 19:12:13.077 [info] Added views:references-view.tree in workbench.view.extension.references-view
