2023-09-26 09:00:15.691 [info] Log level: Info
2023-09-26 09:00:15.691 [info] Validating found git in: "git"
2023-09-26 09:00:15.691 [info] Using git "2.34.1" from "git"
2023-09-26 09:00:15.717 [info] > git rev-parse --show-toplevel [36ms]
2023-09-26 09:00:15.761 [info] > git rev-parse --git-dir --git-common-dir [25ms]
2023-09-26 09:00:15.793 [info] Open repository: /home/user/webpages_tech/cookie_stand
2023-09-26 09:00:16.544 [info] > git rev-parse --show-toplevel [699ms]
2023-09-26 09:00:16.563 [info] > git config --get commit.template [726ms]
2023-09-26 09:00:16.860 [info] > git rev-parse --show-toplevel [86ms]
2023-09-26 09:00:17.236 [info] > git for-each-ref --format=%(refname)%00%(upstream:short)%00%(objectname)%00%(upstream:track)%00%(upstream:remotename)%00%(upstream:remoteref) refs/heads/main refs/remotes/main [394ms]
2023-09-26 09:00:17.397 [info] > git check-ignore -v -z --stdin [166ms]
2023-09-26 09:00:17.557 [info] > git status -z -uall [247ms]
2023-09-26 09:00:18.021 [info] > git config --get commit.template [78ms]
2023-09-26 09:00:18.811 [info] > git for-each-ref --format=%(refname)%00%(upstream:short)%00%(objectname)%00%(upstream:track)%00%(upstream:remotename)%00%(upstream:remoteref) refs/heads/main refs/remotes/main [68ms]
2023-09-26 09:00:18.893 [info] > git status -z -uall [67ms]
2023-09-26 09:00:18.914 [info] > git ls-files --stage -- /home/user/webpages_tech/cookie_stand/app.js [22ms]
2023-09-26 09:00:18.927 [info] > git show --textconv :app.js [53ms]
2023-09-26 09:00:18.951 [info] > git cat-file -s f6085da48fb876e12e98da2abe3d38d0afa5f9b7 [28ms]
2023-09-26 09:00:21.217 [info] > git config --get commit.template [69ms]
2023-09-26 09:00:21.220 [info] > git for-each-ref --format=%(refname)%00%(upstream:short)%00%(objectname)%00%(upstream:track)%00%(upstream:remotename)%00%(upstream:remoteref) refs/heads/main refs/remotes/main [20ms]
2023-09-26 09:00:21.267 [info] > git status -z -uall [34ms]
2023-09-26 09:00:26.864 [info] > git config --get commit.template [6ms]
2023-09-26 09:00:26.880 [info] > git for-each-ref --format=%(refname)%00%(upstream:short)%00%(objectname)%00%(upstream:track)%00%(upstream:remotename)%00%(upstream:remoteref) refs/heads/main refs/remotes/main [6ms]
2023-09-26 09:00:26.903 [info] > git status -z -uall [14ms]
2023-09-26 09:00:31.942 [info] > git config --get commit.template [13ms]
2023-09-26 09:00:31.945 [info] > git for-each-ref --format=%(refname)%00%(upstream:short)%00%(objectname)%00%(upstream:track)%00%(upstream:remotename)%00%(upstream:remoteref) refs/heads/main refs/remotes/main [4ms]
2023-09-26 09:00:31.964 [info] > git status -z -uall [12ms]
2023-09-26 09:00:37.029 [info] > git config --get commit.template [37ms]
2023-09-26 09:00:37.039 [info] > git for-each-ref --format=%(refname)%00%(upstream:short)%00%(objectname)%00%(upstream:track)%00%(upstream:remotename)%00%(upstream:remoteref) refs/heads/main refs/remotes/main [13ms]
2023-09-26 09:00:37.080 [info] > git status -z -uall [27ms]
2023-09-26 09:00:42.152 [info] > git config --get commit.template [23ms]
2023-09-26 09:00:42.165 [info] > git for-each-ref --format=%(refname)%00%(upstream:short)%00%(objectname)%00%(upstream:track)%00%(upstream:remotename)%00%(upstream:remoteref) refs/heads/main refs/remotes/main [16ms]
2023-09-26 09:00:42.214 [info] > git status -z -uall [34ms]
2023-09-26 09:01:05.342 [info] > git config --get commit.template [20ms]
2023-09-26 09:01:05.350 [info] > git for-each-ref --format=%(refname)%00%(upstream:short)%00%(objectname)%00%(upstream:track)%00%(upstream:remotename)%00%(upstream:remoteref) refs/heads/main refs/remotes/main [10ms]
2023-09-26 09:01:05.402 [info] > git status -z -uall [24ms]
2023-09-26 09:05:21.260 [info] > git config --get commit.template [32ms]
2023-09-26 09:05:21.265 [info] > git for-each-ref --format=%(refname)%00%(upstream:short)%00%(objectname)%00%(upstream:track)%00%(upstream:remotename)%00%(upstream:remoteref) refs/heads/main refs/remotes/main [9ms]
2023-09-26 09:05:21.327 [info] > git status -z -uall [41ms]
2023-09-26 09:05:41.247 [info] > git config --get commit.template [24ms]
2023-09-26 09:05:41.254 [info] > git for-each-ref --format=%(refname)%00%(upstream:short)%00%(objectname)%00%(upstream:track)%00%(upstream:remotename)%00%(upstream:remoteref) refs/heads/main refs/remotes/main [9ms]
2023-09-26 09:05:41.313 [info] > git status -z -uall [37ms]
2023-09-26 09:10:41.417 [info] > git config --get commit.template [18ms]
2023-09-26 09:10:41.424 [info] > git for-each-ref --format=%(refname)%00%(upstream:short)%00%(objectname)%00%(upstream:track)%00%(upstream:remotename)%00%(upstream:remoteref) refs/heads/main refs/remotes/main [8ms]
2023-09-26 09:10:41.483 [info] > git status -z -uall [42ms]
2023-09-26 09:14:05.295 [info] > git config --get commit.template [14ms]
2023-09-26 09:14:05.299 [info] > git for-each-ref --format=%(refname)%00%(upstream:short)%00%(objectname)%00%(upstream:track)%00%(upstream:remotename)%00%(upstream:remoteref) refs/heads/main refs/remotes/main [4ms]
2023-09-26 09:14:05.328 [info] > git status -z -uall [20ms]
2023-09-26 09:15:41.522 [info] > git config --get commit.template [19ms]
2023-09-26 09:15:41.528 [info] > git for-each-ref --format=%(refname)%00%(upstream:short)%00%(objectname)%00%(upstream:track)%00%(upstream:remotename)%00%(upstream:remoteref) refs/heads/main refs/remotes/main [8ms]
2023-09-26 09:15:41.555 [info] > git status -z -uall [14ms]
2023-09-26 09:20:41.593 [info] > git config --get commit.template [20ms]
2023-09-26 09:20:41.598 [info] > git for-each-ref --format=%(refname)%00%(upstream:short)%00%(objectname)%00%(upstream:track)%00%(upstream:remotename)%00%(upstream:remoteref) refs/heads/main refs/remotes/main [7ms]
2023-09-26 09:20:41.629 [info] > git status -z -uall [20ms]
2023-09-26 09:25:41.660 [info] > git config --get commit.template [20ms]
2023-09-26 09:25:41.666 [info] > git for-each-ref --format=%(refname)%00%(upstream:short)%00%(objectname)%00%(upstream:track)%00%(upstream:remotename)%00%(upstream:remoteref) refs/heads/main refs/remotes/main [8ms]
2023-09-26 09:25:41.704 [info] > git status -z -uall [21ms]
2023-09-26 09:26:39.349 [info] > git config --get commit.template [25ms]
2023-09-26 09:26:39.357 [info] > git for-each-ref --format=%(refname)%00%(upstream:short)%00%(objectname)%00%(upstream:track)%00%(upstream:remotename)%00%(upstream:remoteref) refs/heads/main refs/remotes/main [10ms]
2023-09-26 09:26:39.403 [info] > git status -z -uall [26ms]
2023-09-26 09:27:05.456 [info] > git config --get commit.template [11ms]
2023-09-26 09:27:05.463 [info] > git for-each-ref --format=%(refname)%00%(upstream:short)%00%(objectname)%00%(upstream:track)%00%(upstream:remotename)%00%(upstream:remoteref) refs/heads/main refs/remotes/main [8ms]
2023-09-26 09:27:05.489 [info] > git status -z -uall [20ms]
2023-09-26 09:28:36.173 [info] > git config --get commit.template [15ms]
2023-09-26 09:28:36.182 [info] > git for-each-ref --format=%(refname)%00%(upstream:short)%00%(objectname)%00%(upstream:track)%00%(upstream:remotename)%00%(upstream:remoteref) refs/heads/main refs/remotes/main [26ms]
2023-09-26 09:28:36.229 [info] > git status -z -uall [20ms]
2023-09-26 09:28:41.309 [info] > git config --get commit.template [36ms]
2023-09-26 09:28:41.315 [info] > git for-each-ref --format=%(refname)%00%(upstream:short)%00%(objectname)%00%(upstream:track)%00%(upstream:remotename)%00%(upstream:remoteref) refs/heads/main refs/remotes/main [7ms]
2023-09-26 09:28:41.358 [info] > git status -z -uall [21ms]
2023-09-26 09:28:46.640 [info] > git config --get commit.template [1ms]
2023-09-26 09:28:46.653 [info] > git for-each-ref --format=%(refname)%00%(upstream:short)%00%(objectname)%00%(upstream:track)%00%(upstream:remotename)%00%(upstream:remoteref) refs/heads/main refs/remotes/main [5ms]
2023-09-26 09:28:46.676 [info] > git status -z -uall [11ms]
2023-09-26 09:28:52.929 [info] > git config --get commit.template [14ms]
2023-09-26 09:28:52.938 [info] > git for-each-ref --format=%(refname)%00%(upstream:short)%00%(objectname)%00%(upstream:track)%00%(upstream:remotename)%00%(upstream:remoteref) refs/heads/main refs/remotes/main [9ms]
2023-09-26 09:28:52.983 [info] > git status -z -uall [30ms]
2023-09-26 09:29:05.469 [info] > git config --get commit.template [19ms]
2023-09-26 09:29:05.477 [info] > git for-each-ref --format=%(refname)%00%(upstream:short)%00%(objectname)%00%(upstream:track)%00%(upstream:remotename)%00%(upstream:remoteref) refs/heads/main refs/remotes/main [9ms]
2023-09-26 09:29:05.514 [info] > git status -z -uall [25ms]
2023-09-26 09:30:11.793 [info] > git config --get commit.template [16ms]
2023-09-26 09:30:11.797 [info] > git for-each-ref --format=%(refname)%00%(upstream:short)%00%(objectname)%00%(upstream:track)%00%(upstream:remotename)%00%(upstream:remoteref) refs/heads/main refs/remotes/main [5ms]
2023-09-26 09:30:11.880 [info] > git status -z -uall [69ms]
2023-09-26 09:30:16.940 [info] > git config --get commit.template [27ms]
2023-09-26 09:30:16.941 [info] > git for-each-ref --format=%(refname)%00%(upstream:short)%00%(objectname)%00%(upstream:track)%00%(upstream:remotename)%00%(upstream:remoteref) refs/heads/main refs/remotes/main [5ms]
2023-09-26 09:30:16.979 [info] > git status -z -uall [27ms]
2023-09-26 09:30:22.047 [info] > git config --get commit.template [30ms]
2023-09-26 09:30:22.051 [info] > git for-each-ref --format=%(refname)%00%(upstream:short)%00%(objectname)%00%(upstream:track)%00%(upstream:remotename)%00%(upstream:remoteref) refs/heads/main refs/remotes/main [8ms]
2023-09-26 09:30:22.096 [info] > git status -z -uall [37ms]
2023-09-26 09:30:27.137 [info] > git config --get commit.template [14ms]
2023-09-26 09:30:27.147 [info] > git for-each-ref --format=%(refname)%00%(upstream:short)%00%(objectname)%00%(upstream:track)%00%(upstream:remotename)%00%(upstream:remoteref) refs/heads/main refs/remotes/main [11ms]
2023-09-26 09:30:27.224 [info] > git status -z -uall [62ms]
2023-09-26 09:30:32.298 [info] > git config --get commit.template [20ms]
2023-09-26 09:30:32.302 [info] > git for-each-ref --format=%(refname)%00%(upstream:short)%00%(objectname)%00%(upstream:track)%00%(upstream:remotename)%00%(upstream:remoteref) refs/heads/main refs/remotes/main [5ms]
2023-09-26 09:30:32.329 [info] > git status -z -uall [14ms]
2023-09-26 09:30:46.007 [info] > git config --get commit.template [29ms]
2023-09-26 09:30:46.023 [info] > git for-each-ref --format=%(refname)%00%(upstream:short)%00%(objectname)%00%(upstream:track)%00%(upstream:remotename)%00%(upstream:remoteref) refs/heads/main refs/remotes/main [17ms]
2023-09-26 09:30:46.056 [info] > git status -z -uall [22ms]
2023-09-26 09:30:51.104 [info] > git config --get commit.template [17ms]
2023-09-26 09:30:51.116 [info] > git for-each-ref --format=%(refname)%00%(upstream:short)%00%(objectname)%00%(upstream:track)%00%(upstream:remotename)%00%(upstream:remoteref) refs/heads/main refs/remotes/main [12ms]
2023-09-26 09:30:51.150 [info] > git status -z -uall [22ms]
2023-09-26 09:31:04.881 [info] > git config --get commit.template [11ms]
2023-09-26 09:31:04.884 [info] > git for-each-ref --format=%(refname)%00%(upstream:short)%00%(objectname)%00%(upstream:track)%00%(upstream:remotename)%00%(upstream:remoteref) refs/heads/main refs/remotes/main [4ms]
2023-09-26 09:31:04.910 [info] > git status -z -uall [18ms]
2023-09-26 09:31:59.732 [info] > git config --get commit.template [12ms]
2023-09-26 09:31:59.736 [info] > git for-each-ref --format=%(refname)%00%(upstream:short)%00%(objectname)%00%(upstream:track)%00%(upstream:remotename)%00%(upstream:remoteref) refs/heads/main refs/remotes/main [5ms]
2023-09-26 09:31:59.756 [info] > git status -z -uall [12ms]
2023-09-26 09:32:12.255 [info] > git config --get commit.template [22ms]
2023-09-26 09:32:12.263 [info] > git for-each-ref --format=%(refname)%00%(upstream:short)%00%(objectname)%00%(upstream:track)%00%(upstream:remotename)%00%(upstream:remoteref) refs/heads/main refs/remotes/main [9ms]
2023-09-26 09:32:12.290 [info] > git status -z -uall [19ms]
2023-09-26 09:32:17.328 [info] > git config --get commit.template [16ms]
2023-09-26 09:32:17.335 [info] > git for-each-ref --format=%(refname)%00%(upstream:short)%00%(objectname)%00%(upstream:track)%00%(upstream:remotename)%00%(upstream:remoteref) refs/heads/main refs/remotes/main [9ms]
2023-09-26 09:32:17.368 [info] > git status -z -uall [22ms]
2023-09-26 09:32:45.745 [info] > git config --get commit.template [27ms]
2023-09-26 09:32:45.748 [info] > git for-each-ref --format=%(refname)%00%(upstream:short)%00%(objectname)%00%(upstream:track)%00%(upstream:remotename)%00%(upstream:remoteref) refs/heads/main refs/remotes/main [5ms]
2023-09-26 09:32:45.797 [info] > git status -z -uall [41ms]
2023-09-26 09:32:50.840 [info] > git config --get commit.template [13ms]
2023-09-26 09:32:50.847 [info] > git for-each-ref --format=%(refname)%00%(upstream:short)%00%(objectname)%00%(upstream:track)%00%(upstream:remotename)%00%(upstream:remoteref) refs/heads/main refs/remotes/main [9ms]
2023-09-26 09:32:50.893 [info] > git status -z -uall [29ms]
2023-09-26 09:32:55.941 [info] > git config --get commit.template [20ms]
2023-09-26 09:32:55.951 [info] > git for-each-ref --format=%(refname)%00%(upstream:short)%00%(objectname)%00%(upstream:track)%00%(upstream:remotename)%00%(upstream:remoteref) refs/heads/main refs/remotes/main [10ms]
2023-09-26 09:32:55.979 [info] > git status -z -uall [16ms]
2023-09-26 09:33:09.498 [info] > git config --get commit.template [12ms]
2023-09-26 09:33:09.523 [info] > git for-each-ref --format=%(refname)%00%(upstream:short)%00%(objectname)%00%(upstream:track)%00%(upstream:remotename)%00%(upstream:remoteref) refs/heads/main refs/remotes/main [12ms]
2023-09-26 09:33:09.552 [info] > git status -z -uall [23ms]
2023-09-26 09:33:14.581 [info] > git config --get commit.template [9ms]
2023-09-26 09:33:14.584 [info] > git for-each-ref --format=%(refname)%00%(upstream:short)%00%(objectname)%00%(upstream:track)%00%(upstream:remotename)%00%(upstream:remoteref) refs/heads/main refs/remotes/main [3ms]
2023-09-26 09:33:14.599 [info] > git status -z -uall [9ms]
2023-09-26 09:33:47.710 [info] > git config --get commit.template [8ms]
2023-09-26 09:33:47.723 [info] > git for-each-ref --format=%(refname)%00%(upstream:short)%00%(objectname)%00%(upstream:track)%00%(upstream:remotename)%00%(upstream:remoteref) refs/heads/main refs/remotes/main [14ms]
2023-09-26 09:33:47.752 [info] > git status -z -uall [12ms]
2023-09-26 09:33:52.799 [info] > git config --get commit.template [19ms]
2023-09-26 09:33:52.810 [info] > git for-each-ref --format=%(refname)%00%(upstream:short)%00%(objectname)%00%(upstream:track)%00%(upstream:remotename)%00%(upstream:remoteref) refs/heads/main refs/remotes/main [9ms]
2023-09-26 09:33:52.841 [info] > git status -z -uall [19ms]
2023-09-26 09:33:57.908 [info] > git config --get commit.template [28ms]
2023-09-26 09:33:57.915 [info] > git for-each-ref --format=%(refname)%00%(upstream:short)%00%(objectname)%00%(upstream:track)%00%(upstream:remotename)%00%(upstream:remoteref) refs/heads/main refs/remotes/main [10ms]
2023-09-26 09:33:57.951 [info] > git status -z -uall [24ms]
2023-09-26 09:34:09.175 [info] > git config --get commit.template [27ms]
2023-09-26 09:34:09.188 [info] > git for-each-ref --format=%(refname)%00%(upstream:short)%00%(objectname)%00%(upstream:track)%00%(upstream:remotename)%00%(upstream:remoteref) refs/heads/main refs/remotes/main [14ms]
2023-09-26 09:34:09.231 [info] > git status -z -uall [29ms]
2023-09-26 09:34:14.284 [info] > git config --get commit.template [19ms]
2023-09-26 09:34:14.297 [info] > git for-each-ref --format=%(refname)%00%(upstream:short)%00%(objectname)%00%(upstream:track)%00%(upstream:remotename)%00%(upstream:remoteref) refs/heads/main refs/remotes/main [15ms]
2023-09-26 09:34:14.332 [info] > git status -z -uall [24ms]
2023-09-26 09:34:19.375 [info] > git config --get commit.template [16ms]
2023-09-26 09:34:19.380 [info] > git for-each-ref --format=%(refname)%00%(upstream:short)%00%(objectname)%00%(upstream:track)%00%(upstream:remotename)%00%(upstream:remoteref) refs/heads/main refs/remotes/main [6ms]
2023-09-26 09:34:19.407 [info] > git status -z -uall [16ms]
2023-09-26 09:34:35.528 [info] > git config --get commit.template [62ms]
2023-09-26 09:34:35.539 [info] > git for-each-ref --format=%(refname)%00%(upstream:short)%00%(objectname)%00%(upstream:track)%00%(upstream:remotename)%00%(upstream:remoteref) refs/heads/main refs/remotes/main [23ms]
2023-09-26 09:34:35.627 [info] > git status -z -uall [73ms]
2023-09-26 09:35:02.617 [info] > git config --get commit.template [24ms]
2023-09-26 09:35:02.622 [info] > git for-each-ref --format=%(refname)%00%(upstream:short)%00%(objectname)%00%(upstream:track)%00%(upstream:remotename)%00%(upstream:remoteref) refs/heads/main refs/remotes/main [7ms]
2023-09-26 09:35:02.644 [info] > git status -z -uall [16ms]
2023-09-26 09:35:10.265 [info] > git config --get commit.template [23ms]
2023-09-26 09:35:10.274 [info] > git for-each-ref --format=%(refname)%00%(upstream:short)%00%(objectname)%00%(upstream:track)%00%(upstream:remotename)%00%(upstream:remoteref) refs/heads/main refs/remotes/main [14ms]
2023-09-26 09:35:10.291 [info] > git status -z -uall [9ms]
2023-09-26 09:35:15.333 [info] > git config --get commit.template [13ms]
2023-09-26 09:35:15.338 [info] > git for-each-ref --format=%(refname)%00%(upstream:short)%00%(objectname)%00%(upstream:track)%00%(upstream:remotename)%00%(upstream:remoteref) refs/heads/main refs/remotes/main [6ms]
2023-09-26 09:35:15.362 [info] > git status -z -uall [14ms]
2023-09-26 09:35:20.389 [info] > git config --get commit.template [10ms]
2023-09-26 09:35:20.397 [info] > git for-each-ref --format=%(refname)%00%(upstream:short)%00%(objectname)%00%(upstream:track)%00%(upstream:remotename)%00%(upstream:remoteref) refs/heads/main refs/remotes/main [10ms]
2023-09-26 09:35:20.424 [info] > git status -z -uall [17ms]
2023-09-26 09:35:25.471 [info] > git config --get commit.template [20ms]
2023-09-26 09:35:25.477 [info] > git for-each-ref --format=%(refname)%00%(upstream:short)%00%(objectname)%00%(upstream:track)%00%(upstream:remotename)%00%(upstream:remoteref) refs/heads/main refs/remotes/main [7ms]
2023-09-26 09:35:25.504 [info] > git status -z -uall [14ms]
2023-09-26 09:35:34.603 [info] > git config --get commit.template [32ms]
2023-09-26 09:35:34.616 [info] > git for-each-ref --format=%(refname)%00%(upstream:short)%00%(objectname)%00%(upstream:track)%00%(upstream:remotename)%00%(upstream:remoteref) refs/heads/main refs/remotes/main [14ms]
2023-09-26 09:35:34.663 [info] > git status -z -uall [27ms]
2023-09-26 09:35:39.774 [info] > git config --get commit.template [38ms]
2023-09-26 09:35:39.781 [info] > git for-each-ref --format=%(refname)%00%(upstream:short)%00%(objectname)%00%(upstream:track)%00%(upstream:remotename)%00%(upstream:remoteref) refs/heads/main refs/remotes/main [7ms]
2023-09-26 09:35:39.801 [info] > git status -z -uall [12ms]
2023-09-26 09:35:44.856 [info] > git config --get commit.template [27ms]
2023-09-26 09:35:44.893 [info] > git for-each-ref --format=%(refname)%00%(upstream:short)%00%(objectname)%00%(upstream:track)%00%(upstream:remotename)%00%(upstream:remoteref) refs/heads/main refs/remotes/main [38ms]
2023-09-26 09:35:44.943 [info] > git status -z -uall [23ms]
2023-09-26 09:35:55.002 [info] > git config --get commit.template [12ms]
2023-09-26 09:35:55.006 [info] > git for-each-ref --format=%(refname)%00%(upstream:short)%00%(objectname)%00%(upstream:track)%00%(upstream:remotename)%00%(upstream:remoteref) refs/heads/main refs/remotes/main [5ms]
2023-09-26 09:35:55.030 [info] > git status -z -uall [12ms]
2023-09-26 09:36:05.373 [info] > git config --get commit.template [13ms]
2023-09-26 09:36:05.375 [info] > git for-each-ref --format=%(refname)%00%(upstream:short)%00%(objectname)%00%(upstream:track)%00%(upstream:remotename)%00%(upstream:remoteref) refs/heads/main refs/remotes/main [3ms]
2023-09-26 09:36:05.394 [info] > git status -z -uall [13ms]
2023-09-26 09:39:47.779 [info] > git config --get commit.template [23ms]
2023-09-26 09:39:47.785 [info] > git for-each-ref --format=%(refname)%00%(upstream:short)%00%(objectname)%00%(upstream:track)%00%(upstream:remotename)%00%(upstream:remoteref) refs/heads/main refs/remotes/main [9ms]
2023-09-26 09:39:47.824 [info] > git status -z -uall [27ms]
2023-09-26 09:39:52.936 [info] > git config --get commit.template [60ms]
2023-09-26 09:39:52.969 [info] > git for-each-ref --format=%(refname)%00%(upstream:short)%00%(objectname)%00%(upstream:track)%00%(upstream:remotename)%00%(upstream:remoteref) refs/heads/main refs/remotes/main [34ms]
2023-09-26 09:39:53.092 [info] > git status -z -uall [93ms]
2023-09-26 09:40:05.512 [info] > git config --get commit.template [10ms]
2023-09-26 09:40:05.518 [info] > git for-each-ref --format=%(refname)%00%(upstream:short)%00%(objectname)%00%(upstream:track)%00%(upstream:remotename)%00%(upstream:remoteref) refs/heads/main refs/remotes/main [8ms]
2023-09-26 09:40:05.539 [info] > git status -z -uall [13ms]
2023-09-26 09:40:16.959 [info] > git config --get commit.template [14ms]
2023-09-26 09:40:16.964 [info] > git for-each-ref --format=%(refname)%00%(upstream:short)%00%(objectname)%00%(upstream:track)%00%(upstream:remotename)%00%(upstream:remoteref) refs/heads/main refs/remotes/main [7ms]
2023-09-26 09:40:16.987 [info] > git status -z -uall [12ms]
2023-09-26 09:40:22.046 [info] > git config --get commit.template [18ms]
2023-09-26 09:40:22.049 [info] > git for-each-ref --format=%(refname)%00%(upstream:short)%00%(objectname)%00%(upstream:track)%00%(upstream:remotename)%00%(upstream:remoteref) refs/heads/main refs/remotes/main [6ms]
2023-09-26 09:40:22.080 [info] > git status -z -uall [14ms]
2023-09-26 09:40:27.125 [info] > git config --get commit.template [24ms]
2023-09-26 09:40:27.131 [info] > git for-each-ref --format=%(refname)%00%(upstream:short)%00%(objectname)%00%(upstream:track)%00%(upstream:remotename)%00%(upstream:remoteref) refs/heads/main refs/remotes/main [7ms]
2023-09-26 09:40:27.163 [info] > git status -z -uall [19ms]
2023-09-26 09:40:33.957 [info] > git config --get commit.template [27ms]
2023-09-26 09:40:33.969 [info] > git for-each-ref --format=%(refname)%00%(upstream:short)%00%(objectname)%00%(upstream:track)%00%(upstream:remotename)%00%(upstream:remoteref) refs/heads/main refs/remotes/main [15ms]
2023-09-26 09:40:34.011 [info] > git status -z -uall [25ms]
2023-09-26 09:40:39.050 [info] > git config --get commit.template [11ms]
2023-09-26 09:40:39.052 [info] > git for-each-ref --format=%(refname)%00%(upstream:short)%00%(objectname)%00%(upstream:track)%00%(upstream:remotename)%00%(upstream:remoteref) refs/heads/main refs/remotes/main [3ms]
2023-09-26 09:40:39.075 [info] > git status -z -uall [14ms]
2023-09-26 09:40:44.124 [info] > git for-each-ref --format=%(refname)%00%(upstream:short)%00%(objectname)%00%(upstream:track)%00%(upstream:remotename)%00%(upstream:remoteref) refs/heads/main refs/remotes/main [11ms]
2023-09-26 09:40:44.131 [info] > git config --get commit.template [32ms]
2023-09-26 09:40:44.148 [info] > git status -z -uall [9ms]
2023-09-26 09:40:49.208 [info] > git config --get commit.template [20ms]
2023-09-26 09:40:49.227 [info] > git for-each-ref --format=%(refname)%00%(upstream:short)%00%(objectname)%00%(upstream:track)%00%(upstream:remotename)%00%(upstream:remoteref) refs/heads/main refs/remotes/main [8ms]
2023-09-26 09:40:49.258 [info] > git status -z -uall [13ms]
2023-09-26 09:40:54.290 [info] > git config --get commit.template [11ms]
2023-09-26 09:40:54.297 [info] > git for-each-ref --format=%(refname)%00%(upstream:short)%00%(objectname)%00%(upstream:track)%00%(upstream:remotename)%00%(upstream:remoteref) refs/heads/main refs/remotes/main [8ms]
2023-09-26 09:40:54.343 [info] > git status -z -uall [28ms]
2023-09-26 09:41:05.520 [info] > git config --get commit.template [23ms]
2023-09-26 09:41:05.531 [info] > git for-each-ref --format=%(refname)%00%(upstream:short)%00%(objectname)%00%(upstream:track)%00%(upstream:remotename)%00%(upstream:remoteref) refs/heads/main refs/remotes/main [15ms]
2023-09-26 09:41:05.577 [info] > git status -z -uall [30ms]
2023-09-26 09:41:16.520 [info] > git config --get commit.template [32ms]
2023-09-26 09:41:16.524 [info] > git for-each-ref --format=%(refname)%00%(upstream:short)%00%(objectname)%00%(upstream:track)%00%(upstream:remotename)%00%(upstream:remoteref) refs/heads/main refs/remotes/main [6ms]
2023-09-26 09:41:16.563 [info] > git status -z -uall [32ms]
2023-09-26 09:41:28.855 [info] > git config --get commit.template [16ms]
2023-09-26 09:41:28.860 [info] > git for-each-ref --format=%(refname)%00%(upstream:short)%00%(objectname)%00%(upstream:track)%00%(upstream:remotename)%00%(upstream:remoteref) refs/heads/main refs/remotes/main [7ms]
2023-09-26 09:41:28.886 [info] > git status -z -uall [15ms]
2023-09-26 09:41:33.932 [info] > git config --get commit.template [21ms]
2023-09-26 09:41:33.938 [info] > git for-each-ref --format=%(refname)%00%(upstream:short)%00%(objectname)%00%(upstream:track)%00%(upstream:remotename)%00%(upstream:remoteref) refs/heads/main refs/remotes/main [7ms]
2023-09-26 09:41:33.975 [info] > git status -z -uall [26ms]
2023-09-26 09:41:39.001 [info] > git config --get commit.template [7ms]
2023-09-26 09:41:39.006 [info] > git for-each-ref --format=%(refname)%00%(upstream:short)%00%(objectname)%00%(upstream:track)%00%(upstream:remotename)%00%(upstream:remoteref) refs/heads/main refs/remotes/main [6ms]
2023-09-26 09:41:39.022 [info] > git status -z -uall [10ms]
2023-09-26 09:41:44.064 [info] > git config --get commit.template [1ms]
2023-09-26 09:41:44.121 [info] > git for-each-ref --format=%(refname)%00%(upstream:short)%00%(objectname)%00%(upstream:track)%00%(upstream:remotename)%00%(upstream:remoteref) refs/heads/main refs/remotes/main [2ms]
2023-09-26 09:41:44.181 [info] > git status -z -uall [40ms]
2023-09-26 09:41:49.205 [info] > git config --get commit.template [8ms]
2023-09-26 09:41:49.207 [info] > git for-each-ref --format=%(refname)%00%(upstream:short)%00%(objectname)%00%(upstream:track)%00%(upstream:remotename)%00%(upstream:remoteref) refs/heads/main refs/remotes/main [2ms]
2023-09-26 09:41:49.222 [info] > git status -z -uall [8ms]
2023-09-26 09:42:05.428 [info] > git config --get commit.template [2ms]
2023-09-26 09:42:05.478 [info] > git for-each-ref --format=%(refname)%00%(upstream:short)%00%(objectname)%00%(upstream:track)%00%(upstream:remotename)%00%(upstream:remoteref) refs/heads/main refs/remotes/main [3ms]
2023-09-26 09:42:05.498 [info] > git status -z -uall [14ms]
2023-09-26 09:42:14.326 [info] > git for-each-ref --format=%(refname)%00%(upstream:short)%00%(objectname)%00%(upstream:track)%00%(upstream:remotename)%00%(upstream:remoteref) refs/heads/main refs/remotes/main [5ms]
2023-09-26 09:42:14.327 [info] > git config --get commit.template [16ms]
2023-09-26 09:42:14.373 [info] > git status -z -uall [34ms]
2023-09-26 09:42:19.434 [info] > git config --get commit.template [24ms]
2023-09-26 09:42:19.439 [info] > git for-each-ref --format=%(refname)%00%(upstream:short)%00%(objectname)%00%(upstream:track)%00%(upstream:remotename)%00%(upstream:remoteref) refs/heads/main refs/remotes/main [7ms]
2023-09-26 09:42:19.466 [info] > git status -z -uall [21ms]
2023-09-26 09:42:37.929 [info] > git config --get commit.template [38ms]
2023-09-26 09:42:37.929 [info] > git for-each-ref --format=%(refname)%00%(upstream:short)%00%(objectname)%00%(upstream:track)%00%(upstream:remotename)%00%(upstream:remoteref) refs/heads/main refs/remotes/main [22ms]
2023-09-26 09:42:37.976 [info] > git status -z -uall [28ms]
2023-09-26 09:42:43.016 [info] > git for-each-ref --format=%(refname)%00%(upstream:short)%00%(objectname)%00%(upstream:track)%00%(upstream:remotename)%00%(upstream:remoteref) refs/heads/main refs/remotes/main [1ms]
2023-09-26 09:42:43.016 [info] > git config --get commit.template [20ms]
2023-09-26 09:42:43.067 [info] > git status -z -uall [29ms]
2023-09-26 09:42:48.105 [info] > git config --get commit.template [12ms]
2023-09-26 09:42:48.111 [info] > git for-each-ref --format=%(refname)%00%(upstream:short)%00%(objectname)%00%(upstream:track)%00%(upstream:remotename)%00%(upstream:remoteref) refs/heads/main refs/remotes/main [7ms]
2023-09-26 09:42:48.129 [info] > git status -z -uall [12ms]
2023-09-26 09:42:57.327 [info] > git config --get commit.template [3ms]
2023-09-26 09:42:57.345 [info] > git for-each-ref --format=%(refname)%00%(upstream:short)%00%(objectname)%00%(upstream:track)%00%(upstream:remotename)%00%(upstream:remoteref) refs/heads/main refs/remotes/main [11ms]
2023-09-26 09:42:57.392 [info] > git status -z -uall [33ms]
2023-09-26 09:43:28.759 [info] > git config --get commit.template [26ms]
2023-09-26 09:43:28.782 [info] > git for-each-ref --format=%(refname)%00%(upstream:short)%00%(objectname)%00%(upstream:track)%00%(upstream:remotename)%00%(upstream:remoteref) refs/heads/main refs/remotes/main [24ms]
2023-09-26 09:43:28.812 [info] > git status -z -uall [20ms]
