2023-09-28 21:42:09.917 [info] Extension host with pid 3502 started
2023-09-28 21:42:09.917 [info] Skipping acquiring lock for /home/user/webpages_tech/cookie_stand/~/.vscode-root/User/workspaceStorage/4a8e13096294fd6754bd52be670c5aa1.
2023-09-28 21:42:10.202 [info] ExtensionService#_doActivateExtension vscode.emmet, startup: false, activationEvent: 'onLanguage'
2023-09-28 21:42:10.235 [info] ExtensionService#_doActivateExtension vscode.typescript-language-features, startup: false, activationEvent: 'onLanguage:javascript'
2023-09-28 21:42:10.464 [info] ExtensionService#_doActivateExtension ms-edgedevtools.vscode-edge-devtools, startup: false, activationEvent: 'onLanguage:javascript'
2023-09-28 21:42:11.928 [info] ExtensionService#_doActivateExtension vscode.git-base, startup: true, activationEvent: '*', root cause: vscode.git
2023-09-28 21:42:11.932 [info] ExtensionService#_doActivateExtension oderwat.indent-rainbow, startup: true, activationEvent: '*'
2023-09-28 21:42:12.666 [info] ExtensionService#_doActivateExtension vscode.git, startup: true, activationEvent: '*'
2023-09-28 21:42:13.077 [info] ExtensionService#_doActivateExtension vscode.github, startup: true, activationEvent: '*'
2023-09-28 21:42:13.724 [info] Eager extensions activated
2023-09-28 21:42:14.453 [warning] [Decorations] CAPPING events from decorations provider vscode.git 315
2023-09-28 21:42:14.493 [info] ExtensionService#_doActivateExtension vscode.debug-auto-launch, startup: false, activationEvent: 'onStartupFinished'
2023-09-28 21:42:14.516 [info] ExtensionService#_doActivateExtension vscode.merge-conflict, startup: false, activationEvent: 'onStartupFinished'
2023-09-28 21:42:14.677 [info] ExtensionService#_doActivateExtension aaron-bond.better-comments, startup: false, activationEvent: 'onStartupFinished'
2023-09-28 21:42:14.783 [info] ExtensionService#_doActivateExtension esbenp.prettier-vscode, startup: false, activationEvent: 'onStartupFinished'
2023-09-28 21:42:15.063 [info] ExtensionService#_doActivateExtension ritwickdey.LiveServer, startup: false, activationEvent: 'onStartupFinished'
2023-09-28 21:42:15.125 [info] ExtensionService#_doActivateExtension usernamehw.errorlens, startup: false, activationEvent: 'onStartupFinished'
2023-09-28 21:42:15.132 [info] ExtensionService#_doActivateExtension vscode-icons-team.vscode-icons, startup: false, activationEvent: 'onStartupFinished'
2023-09-28 21:42:15.989 [info] ExtensionService#_doActivateExtension vscode.github-authentication, startup: false, activationEvent: 'onAuthenticationRequest:github'
2023-09-28 21:42:16.047 [warning] [Decorations] CAPPING events from decorations provider vscode.git 317
2023-09-28 21:42:18.443 [info] ExtensionService#_doActivateExtension vscode.microsoft-authentication, startup: false, activationEvent: 'onAuthenticationRequest:microsoft'
2023-09-28 21:42:20.643 [warning] [Decorations] CAPPING events from decorations provider vscode.git 321
2023-09-28 21:42:25.693 [warning] [Decorations] CAPPING events from decorations provider vscode.git 321
2023-09-28 21:42:30.778 [warning] [Decorations] CAPPING events from decorations provider vscode.git 321
2023-09-28 21:42:35.819 [warning] [Decorations] CAPPING events from decorations provider vscode.git 321
2023-09-28 21:42:40.873 [warning] [Decorations] CAPPING events from decorations provider vscode.git 321
2023-09-28 21:42:45.927 [warning] [Decorations] CAPPING events from decorations provider vscode.git 321
2023-09-28 21:45:20.184 [warning] [Decorations] CAPPING events from decorations provider vscode.git 321
