2023-09-29 08:51:28.135 [info] Log level: Info
2023-09-29 08:51:28.135 [info] Validating found git in: "git"
2023-09-29 08:51:28.135 [info] Using git "2.34.1" from "git"
2023-09-29 08:51:28.135 [info] > git rev-parse --show-toplevel [77ms]
2023-09-29 08:51:28.135 [info] > git rev-parse --git-dir --git-common-dir [47ms]
2023-09-29 08:51:28.135 [info] Open repository: /home/user/webpages_tech/cookie_stand
2023-09-29 08:51:28.135 [info] > git config --get commit.template [55ms]
2023-09-29 08:51:28.135 [info] > git rev-parse --show-toplevel [129ms]
2023-09-29 08:51:28.135 [info] > git for-each-ref --format=%(refname)%00%(upstream:short)%00%(objectname)%00%(upstream:track)%00%(upstream:remotename)%00%(upstream:remoteref) refs/heads/Table-function-branch refs/remotes/Table-function-branch [178ms]
2023-09-29 08:51:28.135 [info] error: object file .git/objects/89/4d4b618d359324321633a3ca7244f45d21257f is empty
error: object file .git/objects/89/4d4b618d359324321633a3ca7244f45d21257f is empty
fatal: loose object 894d4b618d359324321633a3ca7244f45d21257f (stored in .git/objects/89/4d4b618d359324321633a3ca7244f45d21257f) is corrupt
2023-09-29 08:51:28.135 [info] > git rev-parse --show-toplevel [73ms]
2023-09-29 08:51:28.149 [info] > git rev-parse --show-toplevel [17ms]
2023-09-29 08:51:28.292 [info] > git rev-parse --show-toplevel [89ms]
2023-09-29 08:51:28.555 [info] > git status -z -uall [449ms]
2023-09-29 08:51:28.655 [info] > git config --get commit.template [68ms]
2023-09-29 08:51:28.721 [info] > git for-each-ref --format=%(refname)%00%(upstream:short)%00%(objectname)%00%(upstream:track)%00%(upstream:remotename)%00%(upstream:remoteref) refs/heads/Table-function-branch refs/remotes/Table-function-branch [68ms]
2023-09-29 08:51:28.721 [info] error: object file .git/objects/89/4d4b618d359324321633a3ca7244f45d21257f is empty
error: object file .git/objects/89/4d4b618d359324321633a3ca7244f45d21257f is empty
fatal: loose object 894d4b618d359324321633a3ca7244f45d21257f (stored in .git/objects/89/4d4b618d359324321633a3ca7244f45d21257f) is corrupt
2023-09-29 08:51:28.890 [info] > git status -z -uall [110ms]
2023-09-29 08:51:31.438 [info] > git check-ignore -v -z --stdin [147ms]
2023-09-29 08:51:35.899 [info] > git show --textconv :app.js [44ms]
2023-09-29 08:51:35.915 [info] > git ls-files --stage -- /home/user/webpages_tech/cookie_stand/app.js [17ms]
2023-09-29 08:51:35.961 [info] > git cat-file -s 80da1bdb969edab599a14df85cee88f0fbeee50c [25ms]
2023-09-29 09:08:19.440 [info] > git show --textconv :index.html [51ms]
2023-09-29 09:08:19.443 [info] > git ls-files --stage -- /home/user/webpages_tech/cookie_stand/index.html [32ms]
2023-09-29 09:08:19.563 [info] > git cat-file -s a2a3368cb26c1115277bbd133788d2c6ae305b82 [83ms]
2023-09-29 09:13:38.332 [info] > git show --textconv :sales.html [74ms]
2023-09-29 09:13:38.448 [info] > git ls-files --stage -- /home/user/webpages_tech/cookie_stand/sales.html [127ms]
2023-09-29 09:13:38.488 [info] > git cat-file -s 933782c8183eb7195086b45b10a25a86db831e72 [16ms]
2023-09-29 09:32:47.556 [info] > git ls-files --stage -- /home/user/webpages_tech/cookie_stand/index.html [12ms]
2023-09-29 09:32:47.567 [info] > git ls-files --stage -- /home/user/webpages_tech/cookie_stand/app.js [37ms]
2023-09-29 09:32:47.588 [info] > git cat-file -s 9ead2acce52565488bee9af7ff32fac196b324d2 [21ms]
2023-09-29 09:32:47.593 [info] > git ls-files --stage -- /home/user/webpages_tech/cookie_stand/sales.html [38ms]
2023-09-29 09:32:47.609 [info] > git cat-file -s d28c100b69c37bd0339a7b2adfd37ccb386e81aa [22ms]
2023-09-29 09:32:47.625 [info] > git cat-file -s 933782c8183eb7195086b45b10a25a86db831e72 [16ms]
2023-09-29 09:32:47.635 [info] > git show --textconv :index.html [11ms]
2023-09-29 09:32:47.652 [info] > git show --textconv :app.js [18ms]
2023-09-29 09:32:47.654 [info] > git show --textconv :sales.html [10ms]
2023-09-29 09:33:33.105 [info] > git ls-files --stage -- /home/user/webpages_tech/cookie_stand/index.html [9ms]
2023-09-29 09:33:33.114 [info] > git ls-files --stage -- /home/user/webpages_tech/cookie_stand/app.js [32ms]
2023-09-29 09:33:33.122 [info] > git cat-file -s 9ead2acce52565488bee9af7ff32fac196b324d2 [9ms]
2023-09-29 09:33:33.123 [info] > git ls-files --stage -- /home/user/webpages_tech/cookie_stand/sales.html [19ms]
2023-09-29 09:33:33.133 [info] > git cat-file -s d28c100b69c37bd0339a7b2adfd37ccb386e81aa [12ms]
2023-09-29 09:33:33.146 [info] > git cat-file -s 933782c8183eb7195086b45b10a25a86db831e72 [13ms]
2023-09-29 09:33:33.155 [info] > git show --textconv :index.html [10ms]
2023-09-29 09:33:33.169 [info] > git show --textconv :app.js [15ms]
2023-09-29 09:33:33.174 [info] > git show --textconv :sales.html [5ms]
2023-09-29 09:34:44.177 [info] > git ls-files --stage -- /home/user/webpages_tech/cookie_stand/sales.html [7ms]
2023-09-29 09:34:44.191 [info] > git ls-files --stage -- /home/user/webpages_tech/cookie_stand/index.html [46ms]
2023-09-29 09:34:44.225 [info] > git ls-files --stage -- /home/user/webpages_tech/cookie_stand/app.js [106ms]
2023-09-29 09:34:44.233 [info] > git cat-file -s 933782c8183eb7195086b45b10a25a86db831e72 [43ms]
2023-09-29 09:34:44.238 [info] > git cat-file -s 9ead2acce52565488bee9af7ff32fac196b324d2 [13ms]
2023-09-29 09:34:44.252 [info] > git cat-file -s d28c100b69c37bd0339a7b2adfd37ccb386e81aa [20ms]
2023-09-29 09:34:44.267 [info] > git show --textconv :sales.html [15ms]
2023-09-29 09:34:44.287 [info] > git show --textconv :index.html [20ms]
2023-09-29 09:34:44.293 [info] > git show --textconv :app.js [7ms]
2023-09-29 09:35:02.009 [info] > git ls-files --stage -- /home/user/webpages_tech/cookie_stand/index.html [46ms]
2023-09-29 09:35:02.016 [info] > git ls-files --stage -- /home/user/webpages_tech/cookie_stand/app.js [91ms]
2023-09-29 09:35:02.032 [info] > git cat-file -s 9ead2acce52565488bee9af7ff32fac196b324d2 [16ms]
2023-09-29 09:35:02.034 [info] > git ls-files --stage -- /home/user/webpages_tech/cookie_stand/sales.html [26ms]
2023-09-29 09:35:02.058 [info] > git cat-file -s 933782c8183eb7195086b45b10a25a86db831e72 [14ms]
2023-09-29 09:35:02.060 [info] > git cat-file -s d28c100b69c37bd0339a7b2adfd37ccb386e81aa [29ms]
2023-09-29 09:35:02.074 [info] > git show --textconv :index.html [20ms]
2023-09-29 09:35:02.087 [info] > git show --textconv :sales.html [13ms]
2023-09-29 09:35:02.095 [info] > git show --textconv :app.js [9ms]
2023-09-29 09:36:05.182 [info] > git ls-files --stage -- /home/user/webpages_tech/cookie_stand/app.js [2ms]
2023-09-29 09:36:05.242 [info] > git cat-file -s d28c100b69c37bd0339a7b2adfd37ccb386e81aa [45ms]
2023-09-29 09:36:05.293 [info] > git ls-files --stage -- /home/user/webpages_tech/cookie_stand/index.html [52ms]
2023-09-29 09:36:05.306 [info] > git ls-files --stage -- /home/user/webpages_tech/cookie_stand/sales.html [49ms]
2023-09-29 09:36:05.319 [info] > git show --textconv :app.js [27ms]
2023-09-29 09:36:05.320 [info] > git cat-file -s 9ead2acce52565488bee9af7ff32fac196b324d2 [15ms]
2023-09-29 09:36:05.340 [info] > git cat-file -s 933782c8183eb7195086b45b10a25a86db831e72 [23ms]
2023-09-29 09:36:05.373 [info] > git show --textconv :index.html [34ms]
2023-09-29 09:36:05.408 [info] > git show --textconv :sales.html [36ms]
2023-09-29 09:53:58.101 [info] > git ls-files --stage -- /home/user/webpages_tech/cookie_stand/index.html [47ms]
2023-09-29 09:53:58.113 [info] > git ls-files --stage -- /home/user/webpages_tech/cookie_stand/app.js [77ms]
2023-09-29 09:53:58.126 [info] > git cat-file -s 9ead2acce52565488bee9af7ff32fac196b324d2 [12ms]
2023-09-29 09:53:58.134 [info] > git ls-files --stage -- /home/user/webpages_tech/cookie_stand/sales.html [35ms]
2023-09-29 09:53:58.160 [info] > git cat-file -s 933782c8183eb7195086b45b10a25a86db831e72 [14ms]
2023-09-29 09:53:58.161 [info] > git cat-file -s b1b627c4c9d8efb1e58464c943361c759ddbd687 [38ms]
2023-09-29 09:53:58.217 [info] > git show --textconv :index.html [58ms]
2023-09-29 09:53:58.244 [info] > git show --textconv :sales.html [28ms]
2023-09-29 09:53:58.272 [info] > git show --textconv :app.js [29ms]
2023-09-29 09:56:39.867 [info] > git ls-files --stage -- /home/user/webpages_tech/cookie_stand/app.js [38ms]
2023-09-29 09:56:39.919 [info] > git cat-file -s b1b627c4c9d8efb1e58464c943361c759ddbd687 [29ms]
2023-09-29 09:56:39.920 [info] > git ls-files --stage -- /home/user/webpages_tech/cookie_stand/index.html [67ms]
2023-09-29 09:56:39.945 [info] > git ls-files --stage -- /home/user/webpages_tech/cookie_stand/sales.html [27ms]
2023-09-29 09:56:39.980 [info] > git cat-file -s 9ead2acce52565488bee9af7ff32fac196b324d2 [36ms]
2023-09-29 09:56:39.984 [info] > git cat-file -s 933782c8183eb7195086b45b10a25a86db831e72 [23ms]
2023-09-29 09:56:39.992 [info] > git show --textconv :app.js [13ms]
2023-09-29 09:56:40.037 [info] > git show --textconv :index.html [28ms]
2023-09-29 09:56:40.076 [info] > git show --textconv :sales.html [40ms]
