2023-09-25 21:15:04.931 [info] Log level: Info
2023-09-25 21:15:04.931 [info] Validating found git in: "git"
2023-09-25 21:15:04.931 [info] Using git "2.34.1" from "git"
2023-09-25 21:15:04.931 [info] > git rev-parse --show-toplevel [81ms]
2023-09-25 21:15:04.931 [info] > git rev-parse --git-dir --git-common-dir [26ms]
2023-09-25 21:15:04.931 [info] Open repository: /home/user/webpages_tech/cookie_stand
2023-09-25 21:15:04.931 [info] > git config --get commit.template [80ms]
2023-09-25 21:15:04.933 [info] > git rev-parse --show-toplevel [59ms]
2023-09-25 21:15:05.005 [info] > git for-each-ref --format=%(refname)%00%(upstream:short)%00%(objectname)%00%(upstream:track)%00%(upstream:remotename)%00%(upstream:remoteref) refs/heads/main refs/remotes/main [87ms]
2023-09-25 21:15:05.073 [info] > git rev-parse --show-toplevel [121ms]
2023-09-25 21:15:05.099 [info] > git status -z -uall [59ms]
2023-09-25 21:15:06.112 [info] > git config --get commit.template [909ms]
2023-09-25 21:15:06.283 [info] > git for-each-ref --format=%(refname)%00%(upstream:short)%00%(objectname)%00%(upstream:track)%00%(upstream:remotename)%00%(upstream:remoteref) refs/heads/main refs/remotes/main [81ms]
2023-09-25 21:15:06.295 [info] > git status -z -uall [8ms]
2023-09-25 21:15:06.945 [info] > git check-ignore -v -z --stdin [112ms]
2023-09-25 21:15:10.032 [info] > git show --textconv :app.js [26ms]
2023-09-25 21:15:10.046 [info] > git ls-files --stage -- /home/user/webpages_tech/cookie_stand/app.js [26ms]
2023-09-25 21:15:12.161 [info] > git config --get commit.template [21ms]
2023-09-25 21:15:12.178 [info] > git for-each-ref --format=%(refname)%00%(upstream:short)%00%(objectname)%00%(upstream:track)%00%(upstream:remotename)%00%(upstream:remoteref) refs/heads/main refs/remotes/main [10ms]
2023-09-25 21:15:12.204 [info] > git status -z -uall [18ms]
2023-09-25 21:15:17.242 [info] > git config --get commit.template [7ms]
2023-09-25 21:15:17.244 [info] > git for-each-ref --format=%(refname)%00%(upstream:short)%00%(objectname)%00%(upstream:track)%00%(upstream:remotename)%00%(upstream:remoteref) refs/heads/main refs/remotes/main [2ms]
2023-09-25 21:15:17.253 [info] > git status -z -uall [4ms]
2023-09-25 21:15:22.298 [info] > git config --get commit.template [7ms]
2023-09-25 21:15:22.300 [info] > git for-each-ref --format=%(refname)%00%(upstream:short)%00%(objectname)%00%(upstream:track)%00%(upstream:remotename)%00%(upstream:remoteref) refs/heads/main refs/remotes/main [3ms]
2023-09-25 21:15:22.308 [info] > git status -z -uall [4ms]
2023-09-25 21:15:27.334 [info] > git config --get commit.template [11ms]
2023-09-25 21:15:27.335 [info] > git for-each-ref --format=%(refname)%00%(upstream:short)%00%(objectname)%00%(upstream:track)%00%(upstream:remotename)%00%(upstream:remoteref) refs/heads/main refs/remotes/main [2ms]
2023-09-25 21:15:27.351 [info] > git status -z -uall [10ms]
2023-09-25 21:15:32.397 [info] > git config --get commit.template [4ms]
2023-09-25 21:15:32.419 [info] > git for-each-ref --format=%(refname)%00%(upstream:short)%00%(objectname)%00%(upstream:track)%00%(upstream:remotename)%00%(upstream:remoteref) refs/heads/main refs/remotes/main [3ms]
2023-09-25 21:15:32.433 [info] > git status -z -uall [6ms]
2023-09-25 21:15:37.463 [info] > git config --get commit.template [6ms]
2023-09-25 21:15:37.464 [info] > git for-each-ref --format=%(refname)%00%(upstream:short)%00%(objectname)%00%(upstream:track)%00%(upstream:remotename)%00%(upstream:remoteref) refs/heads/main refs/remotes/main [2ms]
2023-09-25 21:15:37.474 [info] > git status -z -uall [4ms]
2023-09-25 21:15:42.505 [info] > git config --get commit.template [6ms]
2023-09-25 21:15:42.507 [info] > git for-each-ref --format=%(refname)%00%(upstream:short)%00%(objectname)%00%(upstream:track)%00%(upstream:remotename)%00%(upstream:remoteref) refs/heads/main refs/remotes/main [3ms]
2023-09-25 21:15:42.516 [info] > git status -z -uall [4ms]
