2023-09-28 21:42:14.143 [info] Log level: Info
2023-09-28 21:42:14.143 [info] Validating found git in: "git"
2023-09-28 21:42:14.143 [info] Using git "2.34.1" from "git"
2023-09-28 21:42:14.143 [info] > git rev-parse --show-toplevel [104ms]
2023-09-28 21:42:14.143 [info] > git rev-parse --git-dir --git-common-dir [26ms]
2023-09-28 21:42:14.143 [info] Open repository: /home/user/webpages_tech/cookie_stand
2023-09-28 21:42:14.143 [info] > git rev-parse --show-toplevel [44ms]
2023-09-28 21:42:14.143 [info] > git config --get commit.template [71ms]
2023-09-28 21:42:14.143 [info] > git for-each-ref --format=%(refname)%00%(upstream:short)%00%(objectname)%00%(upstream:track)%00%(upstream:remotename)%00%(upstream:remoteref) refs/heads/Table-function-branch refs/remotes/Table-function-branch [84ms]
2023-09-28 21:42:14.143 [info] > git rev-parse --show-toplevel [71ms]
2023-09-28 21:42:14.172 [info] > git rev-parse --show-toplevel [34ms]
2023-09-28 21:42:14.223 [info] > git rev-parse --show-toplevel [34ms]
2023-09-28 21:42:14.359 [info] > git status -z -uall [242ms]
2023-09-28 21:42:15.609 [info] > git config --get commit.template [1119ms]
2023-09-28 21:42:15.864 [info] > git for-each-ref --format=%(refname)%00%(upstream:short)%00%(objectname)%00%(upstream:track)%00%(upstream:remotename)%00%(upstream:remoteref) refs/heads/Table-function-branch refs/remotes/Table-function-branch [35ms]
2023-09-28 21:42:16.040 [info] > git status -z -uall [156ms]
2023-09-28 21:42:16.409 [info] > git check-ignore -v -z --stdin [198ms]
2023-09-28 21:42:18.585 [info] > git show --textconv :app.js [69ms]
2023-09-28 21:42:18.610 [info] > git ls-files --stage -- /home/user/webpages_tech/cookie_stand/app.js [31ms]
2023-09-28 21:42:18.667 [info] > git cat-file -s acc988b9bb268fc6f45cb78ab9533e0feeda7877 [48ms]
2023-09-28 21:42:20.580 [info] > git config --get commit.template [10ms]
2023-09-28 21:42:20.586 [info] > git for-each-ref --format=%(refname)%00%(upstream:short)%00%(objectname)%00%(upstream:track)%00%(upstream:remotename)%00%(upstream:remoteref) refs/heads/Table-function-branch refs/remotes/Table-function-branch [7ms]
2023-09-28 21:42:20.626 [info] > git status -z -uall [22ms]
2023-09-28 21:42:25.670 [info] > git config --get commit.template [6ms]
2023-09-28 21:42:25.672 [info] > git for-each-ref --format=%(refname)%00%(upstream:short)%00%(objectname)%00%(upstream:track)%00%(upstream:remotename)%00%(upstream:remoteref) refs/heads/Table-function-branch refs/remotes/Table-function-branch [2ms]
2023-09-28 21:42:25.688 [info] > git status -z -uall [9ms]
2023-09-28 21:42:30.734 [info] > git config --get commit.template [23ms]
2023-09-28 21:42:30.737 [info] > git for-each-ref --format=%(refname)%00%(upstream:short)%00%(objectname)%00%(upstream:track)%00%(upstream:remotename)%00%(upstream:remoteref) refs/heads/Table-function-branch refs/remotes/Table-function-branch [3ms]
2023-09-28 21:42:30.761 [info] > git status -z -uall [13ms]
2023-09-28 21:42:35.795 [info] > git config --get commit.template [6ms]
2023-09-28 21:42:35.800 [info] > git for-each-ref --format=%(refname)%00%(upstream:short)%00%(objectname)%00%(upstream:track)%00%(upstream:remotename)%00%(upstream:remoteref) refs/heads/Table-function-branch refs/remotes/Table-function-branch [6ms]
2023-09-28 21:42:35.815 [info] > git status -z -uall [8ms]
2023-09-28 21:42:40.845 [info] > git config --get commit.template [8ms]
2023-09-28 21:42:40.853 [info] > git for-each-ref --format=%(refname)%00%(upstream:short)%00%(objectname)%00%(upstream:track)%00%(upstream:remotename)%00%(upstream:remoteref) refs/heads/Table-function-branch refs/remotes/Table-function-branch [9ms]
2023-09-28 21:42:40.869 [info] > git status -z -uall [9ms]
2023-09-28 21:42:45.894 [info] > git config --get commit.template [7ms]
2023-09-28 21:42:45.898 [info] > git for-each-ref --format=%(refname)%00%(upstream:short)%00%(objectname)%00%(upstream:track)%00%(upstream:remotename)%00%(upstream:remoteref) refs/heads/Table-function-branch refs/remotes/Table-function-branch [5ms]
2023-09-28 21:42:45.914 [info] > git status -z -uall [10ms]
2023-09-28 21:45:20.125 [info] > git config --get commit.template [10ms]
2023-09-28 21:45:20.135 [info] > git ls-files --stage -- /home/user/webpages_tech/cookie_stand/app.js [11ms]
2023-09-28 21:45:20.150 [info] > git for-each-ref --format=%(refname)%00%(upstream:short)%00%(objectname)%00%(upstream:track)%00%(upstream:remotename)%00%(upstream:remoteref) refs/heads/Table-function-branch refs/remotes/Table-function-branch [14ms]
2023-09-28 21:45:20.162 [info] > git cat-file -s 80da1bdb969edab599a14df85cee88f0fbeee50c [19ms]
2023-09-28 21:45:20.171 [info] > git status -z -uall [9ms]
2023-09-28 21:45:20.237 [info] > git show --textconv :app.js [14ms]
2023-09-28 21:45:22.933 [info] > git show --textconv :crap.js [78ms]
2023-09-28 21:45:22.950 [info] > git ls-files --stage -- /home/user/webpages_tech/cookie_stand/crap.js [18ms]
2023-09-28 21:45:23.062 [info] > git cat-file -s 783042ebce4328a4edb4aebfb43f2e20da22e7e4 [26ms]
2023-09-28 21:45:25.247 [info] > git config --get commit.template [14ms]
2023-09-28 21:45:25.254 [info] > git for-each-ref --format=%(refname)%00%(upstream:short)%00%(objectname)%00%(upstream:track)%00%(upstream:remotename)%00%(upstream:remoteref) refs/heads/Table-function-branch refs/remotes/Table-function-branch [8ms]
2023-09-28 21:45:25.273 [info] > git status -z -uall [12ms]
2023-09-28 21:45:33.525 [info] > git config --get commit.template [7ms]
2023-09-28 21:45:33.528 [info] > git for-each-ref --format=%(refname)%00%(upstream:short)%00%(objectname)%00%(upstream:track)%00%(upstream:remotename)%00%(upstream:remoteref) refs/heads/Table-function-branch refs/remotes/Table-function-branch [3ms]
2023-09-28 21:45:33.544 [info] > git status -z -uall [7ms]
2023-09-28 21:45:36.563 [info] > git check-ignore -v -z --stdin [77ms]
2023-09-28 21:45:36.602 [info] > git show --textconv :example.js [58ms]
2023-09-28 21:45:36.622 [info] > git ls-files --stage -- /home/user/webpages_tech/cookie_stand/example.js [46ms]
2023-09-28 21:45:38.575 [info] > git config --get commit.template [8ms]
2023-09-28 21:45:38.578 [info] > git for-each-ref --format=%(refname)%00%(upstream:short)%00%(objectname)%00%(upstream:track)%00%(upstream:remotename)%00%(upstream:remoteref) refs/heads/Table-function-branch refs/remotes/Table-function-branch [4ms]
2023-09-28 21:45:38.592 [info] > git status -z -uall [8ms]
2023-09-28 21:45:49.039 [info] > git config --get commit.template [6ms]
2023-09-28 21:45:49.043 [info] > git for-each-ref --format=%(refname)%00%(upstream:short)%00%(objectname)%00%(upstream:track)%00%(upstream:remotename)%00%(upstream:remoteref) refs/heads/Table-function-branch refs/remotes/Table-function-branch [4ms]
2023-09-28 21:45:49.055 [info] > git status -z -uall [7ms]
2023-09-28 21:45:54.079 [info] > git config --get commit.template [6ms]
2023-09-28 21:45:54.082 [info] > git for-each-ref --format=%(refname)%00%(upstream:short)%00%(objectname)%00%(upstream:track)%00%(upstream:remotename)%00%(upstream:remoteref) refs/heads/Table-function-branch refs/remotes/Table-function-branch [3ms]
2023-09-28 21:45:54.108 [info] > git status -z -uall [21ms]
