2023-09-25 21:14:59.765 [info] Extension host with pid 3412 started
2023-09-25 21:14:59.765 [info] Skipping acquiring lock for /home/user/webpages_tech/cookie_stand/~/.vscode-root/User/workspaceStorage/4a8e13096294fd6754bd52be670c5aa1.
2023-09-25 21:15:00.186 [info] ExtensionService#_doActivateExtension vscode.emmet, startup: false, activationEvent: 'onLanguage'
2023-09-25 21:15:00.211 [info] ExtensionService#_doActivateExtension vscode.typescript-language-features, startup: false, activationEvent: 'onLanguage:javascript'
2023-09-25 21:15:00.406 [info] ExtensionService#_doActivateExtension ms-edgedevtools.vscode-edge-devtools, startup: false, activationEvent: 'onLanguage:javascript'
2023-09-25 21:15:02.022 [info] ExtensionService#_doActivateExtension vscode.git-base, startup: true, activationEvent: '*', root cause: vscode.git
2023-09-25 21:15:02.025 [info] ExtensionService#_doActivateExtension oderwat.indent-rainbow, startup: true, activationEvent: '*'
2023-09-25 21:15:03.452 [info] ExtensionService#_doActivateExtension vscode.git, startup: true, activationEvent: '*'
2023-09-25 21:15:03.570 [info] ExtensionService#_doActivateExtension vscode.github, startup: true, activationEvent: '*'
2023-09-25 21:15:04.445 [info] Eager extensions activated
2023-09-25 21:15:05.176 [warning] [Decorations] CAPPING events from decorations provider vscode.git 472
2023-09-25 21:15:05.204 [info] ExtensionService#_doActivateExtension vscode.debug-auto-launch, startup: false, activationEvent: 'onStartupFinished'
2023-09-25 21:15:05.211 [info] ExtensionService#_doActivateExtension vscode.merge-conflict, startup: false, activationEvent: 'onStartupFinished'
2023-09-25 21:15:05.319 [info] ExtensionService#_doActivateExtension aaron-bond.better-comments, startup: false, activationEvent: 'onStartupFinished'
2023-09-25 21:15:05.402 [info] ExtensionService#_doActivateExtension esbenp.prettier-vscode, startup: false, activationEvent: 'onStartupFinished'
2023-09-25 21:15:05.652 [info] ExtensionService#_doActivateExtension ritwickdey.LiveServer, startup: false, activationEvent: 'onStartupFinished'
2023-09-25 21:15:05.714 [info] ExtensionService#_doActivateExtension usernamehw.errorlens, startup: false, activationEvent: 'onStartupFinished'
2023-09-25 21:15:05.719 [info] ExtensionService#_doActivateExtension vscode-icons-team.vscode-icons, startup: false, activationEvent: 'onStartupFinished'
2023-09-25 21:15:06.313 [warning] [Decorations] CAPPING events from decorations provider vscode.git 473
2023-09-25 21:15:06.839 [info] ExtensionService#_doActivateExtension vscode.github-authentication, startup: false, activationEvent: 'onAuthenticationRequest:github'
2023-09-25 21:15:09.914 [info] ExtensionService#_doActivateExtension vscode.microsoft-authentication, startup: false, activationEvent: 'onAuthenticationRequest:microsoft'
2023-09-25 21:15:12.223 [warning] [Decorations] CAPPING events from decorations provider vscode.git 482
2023-09-25 21:15:17.261 [warning] [Decorations] CAPPING events from decorations provider vscode.git 482
2023-09-25 21:15:22.314 [warning] [Decorations] CAPPING events from decorations provider vscode.git 481
2023-09-25 21:15:27.380 [warning] [Decorations] CAPPING events from decorations provider vscode.git 481
2023-09-25 21:15:32.441 [warning] [Decorations] CAPPING events from decorations provider vscode.git 481
2023-09-25 21:15:37.482 [warning] [Decorations] CAPPING events from decorations provider vscode.git 480
2023-09-25 21:15:42.521 [warning] [Decorations] CAPPING events from decorations provider vscode.git 480
2023-09-25 21:17:28.551 [warning] [Decorations] CAPPING events from decorations provider vscode.git 480
