2023-09-26 12:08:25.812 [info] Log level: Info
2023-09-26 12:08:25.812 [info] Validating found git in: "git"
2023-09-26 12:08:25.812 [info] Using git "2.34.1" from "git"
2023-09-26 12:08:25.812 [info] > git rev-parse --show-toplevel [5ms]
2023-09-26 12:08:25.812 [info] > git rev-parse --git-dir --git-common-dir [11ms]
2023-09-26 12:08:25.812 [info] Open repository: /home/user/webpages_tech/cookie_stand
2023-09-26 12:08:25.812 [info] > git rev-parse --show-toplevel [4ms]
2023-09-26 12:08:25.812 [info] > git config --get commit.template [34ms]
2023-09-26 12:08:25.812 [info] > git rev-parse --show-toplevel [36ms]
2023-09-26 12:08:25.812 [info] > git for-each-ref --format=%(refname)%00%(upstream:short)%00%(objectname)%00%(upstream:track)%00%(upstream:remotename)%00%(upstream:remoteref) refs/heads/new-cookie-stand-branch refs/remotes/new-cookie-stand-branch [11ms]
2023-09-26 12:08:25.895 [info] > git status -z -uall [84ms]
2023-09-26 12:08:25.937 [info] > git config --get commit.template [15ms]
2023-09-26 12:08:25.949 [info] > git for-each-ref --format=%(refname)%00%(upstream:short)%00%(objectname)%00%(upstream:track)%00%(upstream:remotename)%00%(upstream:remoteref) refs/heads/new-cookie-stand-branch refs/remotes/new-cookie-stand-branch [14ms]
2023-09-26 12:08:27.153 [info] > git status -z -uall [1190ms]
2023-09-26 12:08:27.946 [info] > git check-ignore -v -z --stdin [24ms]
2023-09-26 12:08:30.234 [info] > git show --textconv :app.js [71ms]
2023-09-26 12:08:30.300 [info] > git ls-files --stage -- /home/user/webpages_tech/cookie_stand/app.js [68ms]
2023-09-26 12:08:30.352 [info] > git cat-file -s 699d3b65da13116151fa1890fa6d84864c045ef1 [34ms]
2023-09-26 12:08:32.777 [info] > git config --get commit.template [14ms]
2023-09-26 12:08:32.781 [info] > git for-each-ref --format=%(refname)%00%(upstream:short)%00%(objectname)%00%(upstream:track)%00%(upstream:remotename)%00%(upstream:remoteref) refs/heads/new-cookie-stand-branch refs/remotes/new-cookie-stand-branch [4ms]
2023-09-26 12:08:32.810 [info] > git status -z -uall [15ms]
2023-09-26 12:08:37.848 [info] > git config --get commit.template [12ms]
2023-09-26 12:08:37.851 [info] > git for-each-ref --format=%(refname)%00%(upstream:short)%00%(objectname)%00%(upstream:track)%00%(upstream:remotename)%00%(upstream:remoteref) refs/heads/new-cookie-stand-branch refs/remotes/new-cookie-stand-branch [5ms]
2023-09-26 12:08:37.873 [info] > git status -z -uall [13ms]
2023-09-26 12:08:42.938 [info] > git config --get commit.template [28ms]
2023-09-26 12:08:42.943 [info] > git for-each-ref --format=%(refname)%00%(upstream:short)%00%(objectname)%00%(upstream:track)%00%(upstream:remotename)%00%(upstream:remoteref) refs/heads/new-cookie-stand-branch refs/remotes/new-cookie-stand-branch [4ms]
2023-09-26 12:08:43.008 [info] > git status -z -uall [32ms]
2023-09-26 12:08:48.119 [info] > git config --get commit.template [2ms]
2023-09-26 12:08:48.139 [info] > git for-each-ref --format=%(refname)%00%(upstream:short)%00%(objectname)%00%(upstream:track)%00%(upstream:remotename)%00%(upstream:remoteref) refs/heads/new-cookie-stand-branch refs/remotes/new-cookie-stand-branch [3ms]
2023-09-26 12:08:48.168 [info] > git status -z -uall [16ms]
2023-09-26 12:09:12.781 [info] > git config --get commit.template [21ms]
2023-09-26 12:09:12.783 [info] > git for-each-ref --format=%(refname)%00%(upstream:short)%00%(objectname)%00%(upstream:track)%00%(upstream:remotename)%00%(upstream:remoteref) refs/heads/new-cookie-stand-branch refs/remotes/new-cookie-stand-branch [2ms]
2023-09-26 12:09:12.808 [info] > git status -z -uall [12ms]
2023-09-26 12:09:52.478 [info] > git config --get commit.template [13ms]
2023-09-26 12:09:52.481 [info] > git for-each-ref --format=%(refname)%00%(upstream:short)%00%(objectname)%00%(upstream:track)%00%(upstream:remotename)%00%(upstream:remoteref) refs/heads/new-cookie-stand-branch refs/remotes/new-cookie-stand-branch [4ms]
2023-09-26 12:09:52.498 [info] > git status -z -uall [9ms]
2023-09-26 12:09:53.915 [info] > git show --textconv :newfile.csv [35ms]
2023-09-26 12:09:53.922 [info] > git ls-files --stage -- /home/user/webpages_tech/cookie_stand/newfile.csv [9ms]
2023-09-26 12:09:54.075 [info] > git check-ignore -v -z --stdin [4ms]
2023-09-26 12:09:57.525 [info] > git config --get commit.template [11ms]
2023-09-26 12:09:57.528 [info] > git for-each-ref --format=%(refname)%00%(upstream:short)%00%(objectname)%00%(upstream:track)%00%(upstream:remotename)%00%(upstream:remoteref) refs/heads/new-cookie-stand-branch refs/remotes/new-cookie-stand-branch [4ms]
2023-09-26 12:09:57.550 [info] > git status -z -uall [11ms]
2023-09-26 12:10:04.910 [info] > git config --get commit.template [4ms]
2023-09-26 12:10:04.922 [info] > git for-each-ref --format=%(refname)%00%(upstream:short)%00%(objectname)%00%(upstream:track)%00%(upstream:remotename)%00%(upstream:remoteref) refs/heads/new-cookie-stand-branch refs/remotes/new-cookie-stand-branch [3ms]
2023-09-26 12:10:04.944 [info] > git status -z -uall [10ms]
